<?xml version="1.0" encoding="UTF-8"?>
<testng-results skipped="0" failed="1" ignored="0" total="2" passed="1">
  <reporter-output>
  </reporter-output>
  <suite name="Default suite" duration-ms="87870" started-at="2020-09-01T19:08:04Z" finished-at="2020-09-01T19:09:31Z">
    <groups>
    </groups>
    <test name="Default test" duration-ms="87870" started-at="2020-09-01T19:08:04Z" finished-at="2020-09-01T19:09:31Z">
      <class name="com.demoblaze.Base.AddToCartTest">
        <test-method status="PASS" signature="setUp()[pri:0, instance:com.demoblaze.Base.AddToCartTest@3fee9989]" name="setUp" is-config="true" duration-ms="14460" started-at="2020-09-02T00:38:04Z" finished-at="2020-09-02T00:38:18Z">
          <reporter-output>
          </reporter-output>
        </test-method> <!-- setUp -->
        <test-method status="FAIL" signature="delete_item_and_placeOrder()[pri:0, instance:com.demoblaze.Base.AddToCartTest@3fee9989]" name="delete_item_and_placeOrder" duration-ms="13" started-at="2020-09-02T00:38:18Z" finished-at="2020-09-02T00:38:18Z">
          <exception class="java.lang.NullPointerException">
            <full-stacktrace>
              <![CDATA[java.lang.NullPointerException
	at org.openqa.selenium.support.pagefactory.DefaultElementLocator.findElement(DefaultElementLocator.java:69)
	at org.openqa.selenium.support.pagefactory.internal.LocatingElementHandler.invoke(LocatingElementHandler.java:38)
	at com.sun.proxy.$Proxy10.click(Unknown Source)
	at com.demoblaze.Pages.CartPage.clickCart(CartPage.java:58)
	at com.demoblaze.Base.AddToCartTest.delete_item_and_placeOrder(AddToCartTest.java:38)
	at sun.reflect.NativeMethodAccessorImpl.invoke0(Native Method)
	at sun.reflect.NativeMethodAccessorImpl.invoke(Unknown Source)
	at sun.reflect.DelegatingMethodAccessorImpl.invoke(Unknown Source)
	at java.lang.reflect.Method.invoke(Unknown Source)
	at org.testng.internal.MethodInvocationHelper.invokeMethod(MethodInvocationHelper.java:108)
	at org.testng.internal.Invoker.invokeMethod(Invoker.java:661)
	at org.testng.internal.Invoker.invokeTestMethod(Invoker.java:869)
	at org.testng.internal.Invoker.invokeTestMethods(Invoker.java:1193)
	at org.testng.internal.TestMethodWorker.invokeTestMethods(TestMethodWorker.java:126)
	at org.testng.internal.TestMethodWorker.run(TestMethodWorker.java:109)
	at org.testng.TestRunner.privateRun(TestRunner.java:744)
	at org.testng.TestRunner.run(TestRunner.java:602)
	at org.testng.SuiteRunner.runTest(SuiteRunner.java:380)
	at org.testng.SuiteRunner.runSequentially(SuiteRunner.java:375)
	at org.testng.SuiteRunner.privateRun(SuiteRunner.java:340)
	at org.testng.SuiteRunner.run(SuiteRunner.java:289)
	at org.testng.SuiteRunnerWorker.runSuite(SuiteRunnerWorker.java:52)
	at org.testng.SuiteRunnerWorker.run(SuiteRunnerWorker.java:86)
	at org.testng.TestNG.runSuitesSequentially(TestNG.java:1301)
	at org.testng.TestNG.runSuitesLocally(TestNG.java:1226)
	at org.testng.TestNG.runSuites(TestNG.java:1144)
	at org.testng.TestNG.run(TestNG.java:1115)
	at org.testng.remote.AbstractRemoteTestNG.run(AbstractRemoteTestNG.java:132)
	at org.testng.remote.RemoteTestNG.initAndRun(RemoteTestNG.java:230)
	at org.testng.remote.RemoteTestNG.main(RemoteTestNG.java:76)
]]>
            </full-stacktrace>
          </exception> <!-- java.lang.NullPointerException -->
          <reporter-output>
          </reporter-output>
        </test-method> <!-- delete_item_and_placeOrder -->
        <test-method status="PASS" signature="teardown()[pri:0, instance:com.demoblaze.Base.AddToCartTest@3fee9989]" name="teardown" is-config="true" duration-ms="2285" started-at="2020-09-02T00:38:18Z" finished-at="2020-09-02T00:38:20Z">
          <reporter-output>
          </reporter-output>
        </test-method> <!-- teardown -->
        <test-method status="PASS" signature="setUp()[pri:0, instance:com.demoblaze.Base.AddToCartTest@3fee9989]" name="setUp" is-config="true" duration-ms="11775" started-at="2020-09-02T00:38:20Z" finished-at="2020-09-02T00:38:32Z">
          <reporter-output>
          </reporter-output>
        </test-method> <!-- setUp -->
        <test-method status="PASS" signature="homepage_select_item_category()[pri:1, instance:com.demoblaze.Base.AddToCartTest@3fee9989]" name="homepage_select_item_category" duration-ms="58287" started-at="2020-09-02T00:38:32Z" finished-at="2020-09-02T00:39:30Z">
          <reporter-output>
          </reporter-output>
        </test-method> <!-- homepage_select_item_category -->
        <test-method status="PASS" signature="teardown()[pri:0, instance:com.demoblaze.Base.AddToCartTest@3fee9989]" name="teardown" is-config="true" duration-ms="996" started-at="2020-09-02T00:39:30Z" finished-at="2020-09-02T00:39:31Z">
          <reporter-output>
          </reporter-output>
        </test-method> <!-- teardown -->
      </class> <!-- com.demoblaze.Base.AddToCartTest -->
    </test> <!-- Default test -->
  </suite> <!-- Default suite -->
</testng-results>
